{"G:\\SoftwareDev\\Algorithms\\linked-list\\BinarySearch\\BinarySearch.js": {"path":"G:\\SoftwareDev\\Algorithms\\linked-list\\BinarySearch\\BinarySearch.js","statementMap":{"0":{"start":{"line":3,"column":8},"end":{"line":3,"column":29}},"1":{"start":{"line":7,"column":8},"end":{"line":7,"column":27}},"2":{"start":{"line":11,"column":19},"end":{"line":11,"column":20}},"3":{"start":{"line":12,"column":20},"end":{"line":12,"column":42}},"4":{"start":{"line":15,"column":8},"end":{"line":31,"column":9}},"5":{"start":{"line":16,"column":12},"end":{"line":16,"column":60}},"6":{"start":{"line":18,"column":12},"end":{"line":21,"column":13}},"7":{"start":{"line":19,"column":16},"end":{"line":19,"column":70}},"8":{"start":{"line":20,"column":16},"end":{"line":20,"column":32}},"9":{"start":{"line":23,"column":12},"end":{"line":25,"column":13}},"10":{"start":{"line":24,"column":16},"end":{"line":24,"column":36}},"11":{"start":{"line":27,"column":12},"end":{"line":29,"column":13}},"12":{"start":{"line":28,"column":16},"end":{"line":28,"column":35}},"13":{"start":{"line":33,"column":8},"end":{"line":33,"column":54}},"14":{"start":{"line":34,"column":8},"end":{"line":34,"column":17}},"15":{"start":{"line":39,"column":0},"end":{"line":39,"column":30}}},"fnMap":{"0":{"name":"(anonymous_0)","decl":{"start":{"line":2,"column":4},"end":{"line":2,"column":5}},"loc":{"start":{"line":2,"column":24},"end":{"line":4,"column":5}},"line":2},"1":{"name":"(anonymous_1)","decl":{"start":{"line":6,"column":4},"end":{"line":6,"column":5}},"loc":{"start":{"line":6,"column":14},"end":{"line":8,"column":5}},"line":6},"2":{"name":"(anonymous_2)","decl":{"start":{"line":10,"column":4},"end":{"line":10,"column":5}},"loc":{"start":{"line":10,"column":19},"end":{"line":35,"column":5}},"line":10}},"branchMap":{"0":{"loc":{"start":{"line":18,"column":12},"end":{"line":21,"column":13}},"type":"if","locations":[{"start":{"line":18,"column":12},"end":{"line":21,"column":13}},{"start":{},"end":{}}],"line":18},"1":{"loc":{"start":{"line":23,"column":12},"end":{"line":25,"column":13}},"type":"if","locations":[{"start":{"line":23,"column":12},"end":{"line":25,"column":13}},{"start":{},"end":{}}],"line":23},"2":{"loc":{"start":{"line":27,"column":12},"end":{"line":29,"column":13}},"type":"if","locations":[{"start":{"line":27,"column":12},"end":{"line":29,"column":13}},{"start":{},"end":{}}],"line":27}},"s":{"0":4,"1":1,"2":3,"3":3,"4":3,"5":6,"6":6,"7":2,"8":2,"9":4,"10":1,"11":4,"12":3,"13":1,"14":1,"15":1},"f":{"0":4,"1":1,"2":3},"b":{"0":[2,4],"1":[1,3],"2":[3,1]},"_coverageSchema":"1a1c01bbd47fc00a2c39e90264f33305004495a9","hash":"42b73fa11b6be959d40dd02bb2366eea7cd1f90f"}
,"G:\\SoftwareDev\\Algorithms\\linked-list\\LinkedList\\LinkedList.js": {"path":"G:\\SoftwareDev\\Algorithms\\linked-list\\LinkedList\\LinkedList.js","statementMap":{"0":{"start":{"line":3,"column":4},"end":{"line":3,"column":21}},"1":{"start":{"line":4,"column":4},"end":{"line":4,"column":20}},"2":{"start":{"line":9,"column":24},"end":{"line":9,"column":49}},"3":{"start":{"line":10,"column":4},"end":{"line":10,"column":18}},"4":{"start":{"line":11,"column":4},"end":{"line":11,"column":28}},"5":{"start":{"line":15,"column":4},"end":{"line":15,"column":55}},"6":{"start":{"line":15,"column":43},"end":{"line":15,"column":55}},"7":{"start":{"line":17,"column":18},"end":{"line":17,"column":27}},"8":{"start":{"line":18,"column":4},"end":{"line":20,"column":5}},"9":{"start":{"line":18,"column":17},"end":{"line":18,"column":18}},"10":{"start":{"line":19,"column":6},"end":{"line":19,"column":29}},"11":{"start":{"line":21,"column":4},"end":{"line":21,"column":19}},"12":{"start":{"line":25,"column":4},"end":{"line":25,"column":53}},"13":{"start":{"line":25,"column":21},"end":{"line":25,"column":53}},"14":{"start":{"line":27,"column":22},"end":{"line":27,"column":48}},"15":{"start":{"line":28,"column":4},"end":{"line":28,"column":39}},"16":{"start":{"line":28,"column":28},"end":{"line":28,"column":39}},"17":{"start":{"line":30,"column":4},"end":{"line":30,"column":52}},"18":{"start":{"line":31,"column":4},"end":{"line":31,"column":18}},"19":{"start":{"line":35,"column":4},"end":{"line":35,"column":31}},"20":{"start":{"line":36,"column":4},"end":{"line":36,"column":18}},"21":{"start":{"line":40,"column":4},"end":{"line":40,"column":45}},"22":{"start":{"line":40,"column":21},"end":{"line":40,"column":45}},"23":{"start":{"line":42,"column":22},"end":{"line":42,"column":48}},"24":{"start":{"line":43,"column":4},"end":{"line":43,"column":39}},"25":{"start":{"line":43,"column":28},"end":{"line":43,"column":39}},"26":{"start":{"line":45,"column":4},"end":{"line":45,"column":40}},"27":{"start":{"line":46,"column":4},"end":{"line":46,"column":18}},"28":{"start":{"line":50,"column":17},"end":{"line":50,"column":19}},"29":{"start":{"line":51,"column":18},"end":{"line":51,"column":27}},"30":{"start":{"line":52,"column":4},"end":{"line":55,"column":5}},"31":{"start":{"line":53,"column":6},"end":{"line":53,"column":47}},"32":{"start":{"line":54,"column":6},"end":{"line":54,"column":29}},"33":{"start":{"line":56,"column":4},"end":{"line":56,"column":33}},"34":{"start":{"line":60,"column":0},"end":{"line":68,"column":2}},"35":{"start":{"line":61,"column":13},"end":{"line":61,"column":29}},"36":{"start":{"line":63,"column":2},"end":{"line":65,"column":3}},"37":{"start":{"line":63,"column":15},"end":{"line":63,"column":32}},"38":{"start":{"line":64,"column":4},"end":{"line":64,"column":31}},"39":{"start":{"line":67,"column":2},"end":{"line":67,"column":12}},"40":{"start":{"line":72,"column":4},"end":{"line":72,"column":23}},"41":{"start":{"line":73,"column":4},"end":{"line":73,"column":21}},"42":{"start":{"line":77,"column":0},"end":{"line":77,"column":28}}},"fnMap":{"0":{"name":"(anonymous_0)","decl":{"start":{"line":2,"column":2},"end":{"line":2,"column":3}},"loc":{"start":{"line":2,"column":16},"end":{"line":5,"column":3}},"line":2},"1":{"name":"(anonymous_1)","decl":{"start":{"line":7,"column":2},"end":{"line":7,"column":3}},"loc":{"start":{"line":7,"column":21},"end":{"line":12,"column":3}},"line":7},"2":{"name":"(anonymous_2)","decl":{"start":{"line":14,"column":2},"end":{"line":14,"column":3}},"loc":{"start":{"line":14,"column":20},"end":{"line":22,"column":3}},"line":14},"3":{"name":"(anonymous_3)","decl":{"start":{"line":24,"column":2},"end":{"line":24,"column":3}},"loc":{"start":{"line":24,"column":30},"end":{"line":32,"column":3}},"line":24},"4":{"name":"(anonymous_4)","decl":{"start":{"line":34,"column":2},"end":{"line":34,"column":3}},"loc":{"start":{"line":34,"column":15},"end":{"line":37,"column":3}},"line":34},"5":{"name":"(anonymous_5)","decl":{"start":{"line":39,"column":2},"end":{"line":39,"column":3}},"loc":{"start":{"line":39,"column":23},"end":{"line":47,"column":3}},"line":39},"6":{"name":"(anonymous_6)","decl":{"start":{"line":49,"column":2},"end":{"line":49,"column":3}},"loc":{"start":{"line":49,"column":10},"end":{"line":57,"column":3}},"line":49},"7":{"name":"(anonymous_7)","decl":{"start":{"line":60,"column":24},"end":{"line":60,"column":25}},"loc":{"start":{"line":60,"column":45},"end":{"line":68,"column":1}},"line":60},"8":{"name":"(anonymous_8)","decl":{"start":{"line":71,"column":2},"end":{"line":71,"column":3}},"loc":{"start":{"line":71,"column":27},"end":{"line":74,"column":3}},"line":71}},"branchMap":{"0":{"loc":{"start":{"line":15,"column":4},"end":{"line":15,"column":55}},"type":"if","locations":[{"start":{"line":15,"column":4},"end":{"line":15,"column":55}},{"start":{},"end":{}}],"line":15},"1":{"loc":{"start":{"line":15,"column":8},"end":{"line":15,"column":41}},"type":"binary-expr","locations":[{"start":{"line":15,"column":8},"end":{"line":15,"column":17}},{"start":{"line":15,"column":21},"end":{"line":15,"column":41}}],"line":15},"2":{"loc":{"start":{"line":25,"column":4},"end":{"line":25,"column":53}},"type":"if","locations":[{"start":{"line":25,"column":4},"end":{"line":25,"column":53}},{"start":{},"end":{}}],"line":25},"3":{"loc":{"start":{"line":28,"column":4},"end":{"line":28,"column":39}},"type":"if","locations":[{"start":{"line":28,"column":4},"end":{"line":28,"column":39}},{"start":{},"end":{}}],"line":28},"4":{"loc":{"start":{"line":40,"column":4},"end":{"line":40,"column":45}},"type":"if","locations":[{"start":{"line":40,"column":4},"end":{"line":40,"column":45}},{"start":{},"end":{}}],"line":40},"5":{"loc":{"start":{"line":43,"column":4},"end":{"line":43,"column":39}},"type":"if","locations":[{"start":{"line":43,"column":4},"end":{"line":43,"column":39}},{"start":{},"end":{}}],"line":43}},"s":{"0":14,"1":14,"2":39,"3":39,"4":39,"5":11,"6":6,"7":5,"8":5,"9":5,"10":6,"11":5,"12":4,"13":1,"14":3,"15":3,"16":2,"17":1,"18":1,"19":2,"20":2,"21":4,"22":1,"23":3,"24":3,"25":2,"26":1,"27":1,"28":0,"29":0,"30":0,"31":0,"32":0,"33":0,"34":1,"35":13,"36":13,"37":13,"38":36,"39":13,"40":40,"41":40,"42":1},"f":{"0":14,"1":39,"2":11,"3":4,"4":2,"5":4,"6":0,"7":13,"8":40},"b":{"0":[6,5],"1":[11,8],"2":[1,3],"3":[2,1],"4":[1,3],"5":[2,1]},"_coverageSchema":"1a1c01bbd47fc00a2c39e90264f33305004495a9","hash":"e30425bbaa0e16d268b3521da84685ef74e99dd4"}
,"G:\\SoftwareDev\\Algorithms\\linked-list\\MergeSort\\MergeSort.js": {"path":"G:\\SoftwareDev\\Algorithms\\linked-list\\MergeSort\\MergeSort.js","statementMap":{"0":{"start":{"line":2,"column":2},"end":{"line":4,"column":3}},"1":{"start":{"line":3,"column":4},"end":{"line":3,"column":16}},"2":{"start":{"line":6,"column":34},"end":{"line":6,"column":51}},"3":{"start":{"line":7,"column":15},"end":{"line":7,"column":34}},"4":{"start":{"line":8,"column":16},"end":{"line":8,"column":36}},"5":{"start":{"line":10,"column":2},"end":{"line":10,"column":28}},"6":{"start":{"line":14,"column":19},"end":{"line":14,"column":55}},"7":{"start":{"line":15,"column":19},"end":{"line":15,"column":41}},"8":{"start":{"line":16,"column":20},"end":{"line":16,"column":51}},"9":{"start":{"line":18,"column":2},"end":{"line":18,"column":43}},"10":{"start":{"line":20,"column":2},"end":{"line":20,"column":33}},"11":{"start":{"line":24,"column":15},"end":{"line":24,"column":17}},"12":{"start":{"line":25,"column":10},"end":{"line":25,"column":11}},"13":{"start":{"line":26,"column":10},"end":{"line":26,"column":11}},"14":{"start":{"line":28,"column":2},"end":{"line":36,"column":3}},"15":{"start":{"line":29,"column":4},"end":{"line":35,"column":5}},"16":{"start":{"line":30,"column":6},"end":{"line":30,"column":25}},"17":{"start":{"line":31,"column":6},"end":{"line":31,"column":10}},"18":{"start":{"line":33,"column":6},"end":{"line":33,"column":26}},"19":{"start":{"line":34,"column":6},"end":{"line":34,"column":10}},"20":{"start":{"line":37,"column":2},"end":{"line":40,"column":3}},"21":{"start":{"line":38,"column":4},"end":{"line":38,"column":23}},"22":{"start":{"line":39,"column":4},"end":{"line":39,"column":8}},"23":{"start":{"line":41,"column":2},"end":{"line":44,"column":3}},"24":{"start":{"line":42,"column":4},"end":{"line":42,"column":24}},"25":{"start":{"line":43,"column":4},"end":{"line":43,"column":8}},"26":{"start":{"line":47,"column":0},"end":{"line":47,"column":38}},"27":{"start":{"line":49,"column":2},"end":{"line":49,"column":14}},"28":{"start":{"line":52,"column":0},"end":{"line":52,"column":27}}},"fnMap":{"0":{"name":"mergeSort","decl":{"start":{"line":1,"column":9},"end":{"line":1,"column":18}},"loc":{"start":{"line":1,"column":25},"end":{"line":11,"column":1}},"line":1},"1":{"name":"splitInHalf","decl":{"start":{"line":13,"column":9},"end":{"line":13,"column":20}},"loc":{"start":{"line":13,"column":26},"end":{"line":21,"column":1}},"line":13},"2":{"name":"merge","decl":{"start":{"line":23,"column":9},"end":{"line":23,"column":14}},"loc":{"start":{"line":23,"column":28},"end":{"line":50,"column":1}},"line":23}},"branchMap":{"0":{"loc":{"start":{"line":2,"column":2},"end":{"line":4,"column":3}},"type":"if","locations":[{"start":{"line":2,"column":2},"end":{"line":4,"column":3}},{"start":{},"end":{}}],"line":2},"1":{"loc":{"start":{"line":29,"column":4},"end":{"line":35,"column":5}},"type":"if","locations":[{"start":{"line":29,"column":4},"end":{"line":35,"column":5}},{"start":{"line":32,"column":11},"end":{"line":35,"column":5}}],"line":29}},"s":{"0":29,"1":16,"2":13,"3":13,"4":13,"5":13,"6":13,"7":13,"8":13,"9":13,"10":13,"11":13,"12":13,"13":13,"14":13,"15":29,"16":15,"17":15,"18":14,"19":14,"20":13,"21":8,"22":8,"23":13,"24":7,"25":7,"26":13,"27":13,"28":1},"f":{"0":29,"1":13,"2":13},"b":{"0":[16,13],"1":[15,14]},"_coverageSchema":"1a1c01bbd47fc00a2c39e90264f33305004495a9","hash":"fb921a014b61cdd606ba35c0fb84c454e8be6daa"}
}
