TN:
SF:BinarySearch\BinarySearch.js
FN:2,(anonymous_0)
FN:6,(anonymous_1)
FN:10,(anonymous_2)
FNF:3
FNH:3
FNDA:4,(anonymous_0)
FNDA:1,(anonymous_1)
FNDA:3,(anonymous_2)
DA:3,4
DA:7,1
DA:11,3
DA:12,3
DA:15,3
DA:16,6
DA:18,6
DA:19,2
DA:20,2
DA:23,4
DA:24,1
DA:27,4
DA:28,3
DA:33,1
DA:34,1
DA:39,1
LF:16
LH:16
BRDA:18,0,0,2
BRDA:18,0,1,4
BRDA:23,1,0,1
BRDA:23,1,1,3
BRDA:27,2,0,3
BRDA:27,2,1,1
BRF:6
BRH:6
end_of_record
TN:
SF:LinkedList\LinkedList.js
FN:2,(anonymous_0)
FN:7,(anonymous_1)
FN:14,(anonymous_2)
FN:24,(anonymous_3)
FN:34,(anonymous_4)
FN:39,(anonymous_5)
FN:49,(anonymous_6)
FN:60,(anonymous_7)
FN:71,(anonymous_8)
FNF:9
FNH:8
FNDA:14,(anonymous_0)
FNDA:39,(anonymous_1)
FNDA:11,(anonymous_2)
FNDA:4,(anonymous_3)
FNDA:2,(anonymous_4)
FNDA:4,(anonymous_5)
FNDA:0,(anonymous_6)
FNDA:13,(anonymous_7)
FNDA:40,(anonymous_8)
DA:3,14
DA:4,14
DA:9,39
DA:10,39
DA:11,39
DA:15,11
DA:17,5
DA:18,5
DA:19,6
DA:21,5
DA:25,4
DA:27,3
DA:28,3
DA:30,1
DA:31,1
DA:35,2
DA:36,2
DA:40,4
DA:42,3
DA:43,3
DA:45,1
DA:46,1
DA:50,0
DA:51,0
DA:52,0
DA:53,0
DA:54,0
DA:56,0
DA:60,1
DA:61,13
DA:63,13
DA:64,36
DA:67,13
DA:72,40
DA:73,40
DA:77,1
LF:36
LH:30
BRDA:15,0,0,6
BRDA:15,0,1,5
BRDA:15,1,0,11
BRDA:15,1,1,8
BRDA:25,2,0,1
BRDA:25,2,1,3
BRDA:28,3,0,2
BRDA:28,3,1,1
BRDA:40,4,0,1
BRDA:40,4,1,3
BRDA:43,5,0,2
BRDA:43,5,1,1
BRF:12
BRH:12
end_of_record
TN:
SF:MergeSort\MergeSort.js
FN:1,mergeSort
FN:13,splitInHalf
FN:23,merge
FNF:3
FNH:3
FNDA:29,mergeSort
FNDA:13,splitInHalf
FNDA:13,merge
DA:2,29
DA:3,16
DA:6,13
DA:7,13
DA:8,13
DA:10,13
DA:14,13
DA:15,13
DA:16,13
DA:18,13
DA:20,13
DA:24,13
DA:25,13
DA:26,13
DA:28,13
DA:29,29
DA:30,15
DA:31,15
DA:33,14
DA:34,14
DA:37,13
DA:38,8
DA:39,8
DA:41,13
DA:42,7
DA:43,7
DA:47,13
DA:49,13
DA:52,1
LF:29
LH:29
BRDA:2,0,0,16
BRDA:2,0,1,13
BRDA:29,1,0,15
BRDA:29,1,1,14
BRF:4
BRH:4
end_of_record
